2025-01-27 11:58:54 - Starting ColoviaApplicationKt using Java 21.0.3 with PID 96991 (/Users/jtucker/Github/Yoku/Colovia/build/classes/kotlin/main started by jtucker in /Users/jtucker/Github/Yoku/Colovia)
2025-01-27 11:58:54 - Running with Spring Boot v3.4.1, Spring v6.2.1
2025-01-27 11:58:54 - No active profile set, falling back to 1 default profile: "default"
2025-01-27 11:58:54 - Devtools property defaults active! Set 'spring.devtools.add-properties' to 'false' to disable
2025-01-27 11:58:54 - For additional web related logging consider setting the 'logging.level.web' property to 'DEBUG'
2025-01-27 11:58:54 - Multiple Spring Data modules found, entering strict repository configuration mode
2025-01-27 11:58:54 - Bootstrapping Spring Data JPA repositories in DEFAULT mode.
2025-01-27 11:58:54 - Finished Spring Data repository scanning in 78 ms. Found 1 JPA repository interface.
2025-01-27 11:58:54 - Multiple Spring Data modules found, entering strict repository configuration mode
2025-01-27 11:58:54 - Bootstrapping Spring Data MongoDB repositories in DEFAULT mode.
2025-01-27 11:58:54 - Spring Data MongoDB - Could not safely identify store assignment for repository candidate interface com.yoku.colovia.repository.UserRepository; If you want this repository to be a MongoDB repository, consider annotating your entities with one of these annotations: org.springframework.data.mongodb.core.mapping.Document (preferred), or consider extending one of the following types with your repository: org.springframework.data.mongodb.repository.MongoRepository
2025-01-27 11:58:54 - Finished Spring Data repository scanning in 2 ms. Found 0 MongoDB repository interfaces.
2025-01-27 11:58:54 - Multiple Spring Data modules found, entering strict repository configuration mode
2025-01-27 11:58:54 - Bootstrapping Spring Data Redis repositories in DEFAULT mode.
2025-01-27 11:58:54 - Spring Data Redis - Could not safely identify store assignment for repository candidate interface com.yoku.colovia.repository.UserRepository; If you want this repository to be a Redis repository, consider annotating your entities with one of these annotations: org.springframework.data.redis.core.RedisHash (preferred), or consider extending one of the following types with your repository: org.springframework.data.keyvalue.repository.KeyValueRepository
2025-01-27 11:58:54 - Finished Spring Data repository scanning in 1 ms. Found 0 Redis repository interfaces.
2025-01-27 11:58:54 - Tomcat initialized with port 8082 (http)
2025-01-27 11:58:54 - Starting service [Tomcat]
2025-01-27 11:58:54 - Starting Servlet engine: [Apache Tomcat/10.1.34]
2025-01-27 11:58:54 - Initializing Spring embedded WebApplicationContext
2025-01-27 11:58:54 - Root WebApplicationContext: initialization completed in 737 ms
2025-01-27 11:58:54 - Error starting Tomcat context. Exception: org.springframework.beans.factory.UnsatisfiedDependencyException. Message: Error creating bean with name 'corsConfiguration' defined in file [/Users/jtucker/Github/Yoku/Colovia/build/classes/kotlin/main/com/yoku/colovia/configuration/CorsConfiguration.class]: Unsatisfied dependency expressed through constructor parameter 0: Error creating bean with name 'server-com.yoku.colovia.configuration.properties.OriginProperties': Instantiation of supplied bean failed
2025-01-27 11:58:54 - Stopping service [Tomcat]
2025-01-27 11:58:54 - Exception encountered during context initialization - cancelling refresh attempt: org.springframework.context.ApplicationContextException: Unable to start web server
2025-01-27 11:58:54 - 

Error starting ApplicationContext. To display the condition evaluation report re-run your application with 'debug' enabled.
2025-01-27 11:58:54 - Application run failed
org.springframework.context.ApplicationContextException: Unable to start web server
	at org.springframework.boot.web.servlet.context.ServletWebServerApplicationContext.onRefresh(ServletWebServerApplicationContext.java:165)
	at org.springframework.context.support.AbstractApplicationContext.refresh(AbstractApplicationContext.java:621)
	at org.springframework.boot.web.servlet.context.ServletWebServerApplicationContext.refresh(ServletWebServerApplicationContext.java:146)
	at org.springframework.boot.SpringApplication.refresh(SpringApplication.java:752)
	at org.springframework.boot.SpringApplication.refreshContext(SpringApplication.java:439)
	at org.springframework.boot.SpringApplication.run(SpringApplication.java:318)
	at org.springframework.boot.SpringApplication.run(SpringApplication.java:1361)
	at org.springframework.boot.SpringApplication.run(SpringApplication.java:1350)
	at com.yoku.colovia.ColoviaApplicationKt.main(ColoviaApplication.kt:16)
	at java.base/jdk.internal.reflect.DirectMethodHandleAccessor.invoke(DirectMethodHandleAccessor.java:103)
	at java.base/java.lang.reflect.Method.invoke(Method.java:580)
	at org.springframework.boot.devtools.restart.RestartLauncher.run(RestartLauncher.java:50)
Caused by: org.springframework.boot.web.server.WebServerException: Unable to start embedded Tomcat
	at org.springframework.boot.web.embedded.tomcat.TomcatWebServer.initialize(TomcatWebServer.java:147)
	at org.springframework.boot.web.embedded.tomcat.TomcatWebServer.<init>(TomcatWebServer.java:107)
	at org.springframework.boot.web.embedded.tomcat.TomcatServletWebServerFactory.getTomcatWebServer(TomcatServletWebServerFactory.java:516)
	at org.springframework.boot.web.embedded.tomcat.TomcatServletWebServerFactory.getWebServer(TomcatServletWebServerFactory.java:222)
	at org.springframework.boot.web.servlet.context.ServletWebServerApplicationContext.createWebServer(ServletWebServerApplicationContext.java:188)
	at org.springframework.boot.web.servlet.context.ServletWebServerApplicationContext.onRefresh(ServletWebServerApplicationContext.java:162)
	... 11 common frames omitted
Caused by: org.springframework.beans.factory.UnsatisfiedDependencyException: Error creating bean with name 'corsConfiguration' defined in file [/Users/jtucker/Github/Yoku/Colovia/build/classes/kotlin/main/com/yoku/colovia/configuration/CorsConfiguration.class]: Unsatisfied dependency expressed through constructor parameter 0: Error creating bean with name 'server-com.yoku.colovia.configuration.properties.OriginProperties': Instantiation of supplied bean failed
	at org.springframework.beans.factory.support.ConstructorResolver.createArgumentArray(ConstructorResolver.java:804)
	at org.springframework.beans.factory.support.ConstructorResolver.autowireConstructor(ConstructorResolver.java:240)
	at org.springframework.beans.factory.support.AbstractAutowireCapableBeanFactory.autowireConstructor(AbstractAutowireCapableBeanFactory.java:1377)
	at org.springframework.beans.factory.support.AbstractAutowireCapableBeanFactory.createBeanInstance(AbstractAutowireCapableBeanFactory.java:1214)
	at org.springframework.beans.factory.support.AbstractAutowireCapableBeanFactory.doCreateBean(AbstractAutowireCapableBeanFactory.java:563)
	at org.springframework.beans.factory.support.AbstractAutowireCapableBeanFactory.createBean(AbstractAutowireCapableBeanFactory.java:523)
	at org.springframework.beans.factory.support.AbstractBeanFactory.lambda$doGetBean$0(AbstractBeanFactory.java:336)
	at org.springframework.beans.factory.support.DefaultSingletonBeanRegistry.getSingleton(DefaultSingletonBeanRegistry.java:289)
	at org.springframework.beans.factory.support.AbstractBeanFactory.doGetBean(AbstractBeanFactory.java:334)
	at org.springframework.beans.factory.support.AbstractBeanFactory.getBean(AbstractBeanFactory.java:199)
	at org.springframework.beans.factory.support.ConstructorResolver.instantiateUsingFactoryMethod(ConstructorResolver.java:413)
	at org.springframework.beans.factory.support.AbstractAutowireCapableBeanFactory.instantiateUsingFactoryMethod(AbstractAutowireCapableBeanFactory.java:1357)
	at org.springframework.beans.factory.support.AbstractAutowireCapableBeanFactory.createBeanInstance(AbstractAutowireCapableBeanFactory.java:1187)
	at org.springframework.beans.factory.support.AbstractAutowireCapableBeanFactory.doCreateBean(AbstractAutowireCapableBeanFactory.java:563)
	at org.springframework.beans.factory.support.AbstractAutowireCapableBeanFactory.createBean(AbstractAutowireCapableBeanFactory.java:523)
	at org.springframework.beans.factory.support.AbstractBeanFactory.lambda$doGetBean$0(AbstractBeanFactory.java:336)
	at org.springframework.beans.factory.support.DefaultSingletonBeanRegistry.getSingleton(DefaultSingletonBeanRegistry.java:289)
	at org.springframework.beans.factory.support.AbstractBeanFactory.doGetBean(AbstractBeanFactory.java:334)
	at org.springframework.beans.factory.support.AbstractBeanFactory.getBean(AbstractBeanFactory.java:204)
	at org.springframework.boot.web.servlet.ServletContextInitializerBeans.getOrderedBeansOfType(ServletContextInitializerBeans.java:211)
	at org.springframework.boot.web.servlet.ServletContextInitializerBeans.addAsRegistrationBean(ServletContextInitializerBeans.java:174)
	at org.springframework.boot.web.servlet.ServletContextInitializerBeans.addAsRegistrationBean(ServletContextInitializerBeans.java:169)
	at org.springframework.boot.web.servlet.ServletContextInitializerBeans.addAdaptableBeans(ServletContextInitializerBeans.java:154)
	at org.springframework.boot.web.servlet.ServletContextInitializerBeans.<init>(ServletContextInitializerBeans.java:87)
	at org.springframework.boot.web.servlet.context.ServletWebServerApplicationContext.getServletContextInitializerBeans(ServletWebServerApplicationContext.java:266)
	at org.springframework.boot.web.servlet.context.ServletWebServerApplicationContext.selfInitialize(ServletWebServerApplicationContext.java:240)
	at org.springframework.boot.web.embedded.tomcat.TomcatStarter.onStartup(TomcatStarter.java:52)
	at org.apache.catalina.core.StandardContext.startInternal(StandardContext.java:4426)
	at org.apache.catalina.util.LifecycleBase.start(LifecycleBase.java:164)
	at org.apache.catalina.core.ContainerBase$StartChild.call(ContainerBase.java:1203)
	at org.apache.catalina.core.ContainerBase$StartChild.call(ContainerBase.java:1193)
	at java.base/java.util.concurrent.FutureTask.run(FutureTask.java:317)
	at org.apache.tomcat.util.threads.InlineExecutorService.execute(InlineExecutorService.java:75)
	at java.base/java.util.concurrent.AbstractExecutorService.submit(AbstractExecutorService.java:145)
	at org.apache.catalina.core.ContainerBase.startInternal(ContainerBase.java:749)
	at org.apache.catalina.core.StandardHost.startInternal(StandardHost.java:772)
	at org.apache.catalina.util.LifecycleBase.start(LifecycleBase.java:164)
	at org.apache.catalina.core.ContainerBase$StartChild.call(ContainerBase.java:1203)
	at org.apache.catalina.core.ContainerBase$StartChild.call(ContainerBase.java:1193)
	at java.base/java.util.concurrent.FutureTask.run(FutureTask.java:317)
	at org.apache.tomcat.util.threads.InlineExecutorService.execute(InlineExecutorService.java:75)
	at java.base/java.util.concurrent.AbstractExecutorService.submit(AbstractExecutorService.java:145)
	at org.apache.catalina.core.ContainerBase.startInternal(ContainerBase.java:749)
	at org.apache.catalina.core.StandardEngine.startInternal(StandardEngine.java:203)
	at org.apache.catalina.util.LifecycleBase.start(LifecycleBase.java:164)
	at org.apache.catalina.core.StandardService.startInternal(StandardService.java:415)
	at org.apache.catalina.util.LifecycleBase.start(LifecycleBase.java:164)
	at org.apache.catalina.core.StandardServer.startInternal(StandardServer.java:870)
	at org.apache.catalina.util.LifecycleBase.start(LifecycleBase.java:164)
	at org.apache.catalina.startup.Tomcat.start(Tomcat.java:437)
	at org.springframework.boot.web.embedded.tomcat.TomcatWebServer.initialize(TomcatWebServer.java:128)
	... 16 common frames omitted
Caused by: org.springframework.beans.factory.BeanCreationException: Error creating bean with name 'server-com.yoku.colovia.configuration.properties.OriginProperties': Instantiation of supplied bean failed
	at org.springframework.beans.factory.support.AbstractAutowireCapableBeanFactory.obtainFromSupplier(AbstractAutowireCapableBeanFactory.java:1245)
	at org.springframework.beans.factory.support.AbstractAutowireCapableBeanFactory.createBeanInstance(AbstractAutowireCapableBeanFactory.java:1182)
	at org.springframework.beans.factory.support.AbstractAutowireCapableBeanFactory.doCreateBean(AbstractAutowireCapableBeanFactory.java:563)
	at org.springframework.beans.factory.support.AbstractAutowireCapableBeanFactory.createBean(AbstractAutowireCapableBeanFactory.java:523)
	at org.springframework.beans.factory.support.AbstractBeanFactory.lambda$doGetBean$0(AbstractBeanFactory.java:336)
	at org.springframework.beans.factory.support.DefaultSingletonBeanRegistry.getSingleton(DefaultSingletonBeanRegistry.java:289)
	at org.springframework.beans.factory.support.AbstractBeanFactory.doGetBean(AbstractBeanFactory.java:334)
	at org.springframework.beans.factory.support.AbstractBeanFactory.getBean(AbstractBeanFactory.java:199)
	at org.springframework.beans.factory.config.DependencyDescriptor.resolveCandidate(DependencyDescriptor.java:254)
	at org.springframework.beans.factory.support.DefaultListableBeanFactory.doResolveDependency(DefaultListableBeanFactory.java:1631)
	at org.springframework.beans.factory.support.DefaultListableBeanFactory.resolveDependency(DefaultListableBeanFactory.java:1519)
	at org.springframework.beans.factory.support.ConstructorResolver.resolveAutowiredArgument(ConstructorResolver.java:913)
	at org.springframework.beans.factory.support.ConstructorResolver.createArgumentArray(ConstructorResolver.java:791)
	... 66 common frames omitted
Caused by: java.lang.NoClassDefFoundError: kotlin/reflect/jvm/ReflectJvmMapping
	at org.springframework.boot.context.properties.bind.ValueObjectBinder$KotlinValueObject.get(ValueObjectBinder.java:270)
	at org.springframework.boot.context.properties.bind.ValueObjectBinder$ValueObject.get(ValueObjectBinder.java:219)
	at org.springframework.boot.context.properties.bind.ValueObjectBinder.bind(ValueObjectBinder.java:76)
	at org.springframework.boot.context.properties.bind.Binder.lambda$bindDataObject$6(Binder.java:480)
	at java.base/java.util.stream.ReferencePipeline$3$1.accept(ReferencePipeline.java:197)
	at java.base/java.util.AbstractList$RandomAccessSpliterator.tryAdvance(AbstractList.java:708)
	at java.base/java.util.stream.ReferencePipeline.forEachWithCancel(ReferencePipeline.java:129)
	at java.base/java.util.stream.AbstractPipeline.copyIntoWithCancel(AbstractPipeline.java:527)
	at java.base/java.util.stream.AbstractPipeline.copyInto(AbstractPipeline.java:513)
	at java.base/java.util.stream.AbstractPipeline.wrapAndCopyInto(AbstractPipeline.java:499)
	at java.base/java.util.stream.FindOps$FindOp.evaluateSequential(FindOps.java:150)
	at java.base/java.util.stream.AbstractPipeline.evaluate(AbstractPipeline.java:234)
	at java.base/java.util.stream.ReferencePipeline.findFirst(ReferencePipeline.java:647)
	at org.springframework.boot.context.properties.bind.Binder.fromDataObjectBinders(Binder.java:488)
	at org.springframework.boot.context.properties.bind.Binder.lambda$bindDataObject$7(Binder.java:479)
	at org.springframework.boot.context.properties.bind.Binder$Context.withIncreasedDepth(Binder.java:597)
	at org.springframework.boot.context.properties.bind.Binder$Context.withDataObject(Binder.java:583)
	at org.springframework.boot.context.properties.bind.Binder.bindDataObject(Binder.java:479)
	at org.springframework.boot.context.properties.bind.Binder.bindObject(Binder.java:418)
	at org.springframework.boot.context.properties.bind.Binder.bind(Binder.java:350)
	at org.springframework.boot.context.properties.bind.Binder.bind(Binder.java:339)
	at org.springframework.boot.context.properties.bind.Binder.bindOrCreate(Binder.java:331)
	at org.springframework.boot.context.properties.bind.Binder.bindOrCreate(Binder.java:316)
	at org.springframework.boot.context.properties.ConfigurationPropertiesBinder.bindOrCreate(ConfigurationPropertiesBinder.java:101)
	at org.springframework.boot.context.properties.ConstructorBound.from(ConstructorBound.java:44)
	at org.springframework.boot.context.properties.ConfigurationPropertiesBeanRegistrar.lambda$createBeanDefinition$1(ConfigurationPropertiesBeanRegistrar.java:97)
	at org.springframework.beans.factory.support.AbstractAutowireCapableBeanFactory.obtainInstanceFromSupplier(AbstractAutowireCapableBeanFactory.java:1279)
	at org.springframework.beans.factory.support.DefaultListableBeanFactory.obtainInstanceFromSupplier(DefaultListableBeanFactory.java:981)
	at org.springframework.beans.factory.support.AbstractAutowireCapableBeanFactory.obtainFromSupplier(AbstractAutowireCapableBeanFactory.java:1239)
	... 78 common frames omitted
Caused by: java.lang.ClassNotFoundException: kotlin.reflect.jvm.ReflectJvmMapping
	at java.base/jdk.internal.loader.BuiltinClassLoader.loadClass(BuiltinClassLoader.java:641)
	at java.base/jdk.internal.loader.ClassLoaders$AppClassLoader.loadClass(ClassLoaders.java:188)
	at java.base/java.lang.ClassLoader.loadClass(ClassLoader.java:526)
	... 107 common frames omitted
2025-01-27 12:02:26 - Starting ColoviaApplicationKt using Java 21.0.3 with PID 99897 (/Users/jtucker/Github/Yoku/Colovia/build/classes/kotlin/main started by jtucker in /Users/jtucker/Github/Yoku/Colovia)
2025-01-27 12:02:26 - Running with Spring Boot v3.4.1, Spring v6.2.1
2025-01-27 12:02:26 - No active profile set, falling back to 1 default profile: "default"
2025-01-27 12:02:26 - Devtools property defaults active! Set 'spring.devtools.add-properties' to 'false' to disable
2025-01-27 12:02:26 - For additional web related logging consider setting the 'logging.level.web' property to 'DEBUG'
2025-01-27 12:02:27 - Multiple Spring Data modules found, entering strict repository configuration mode
2025-01-27 12:02:27 - Bootstrapping Spring Data JPA repositories in DEFAULT mode.
2025-01-27 12:02:27 - Finished Spring Data repository scanning in 116 ms. Found 1 JPA repository interface.
2025-01-27 12:02:27 - Multiple Spring Data modules found, entering strict repository configuration mode
2025-01-27 12:02:27 - Bootstrapping Spring Data MongoDB repositories in DEFAULT mode.
2025-01-27 12:02:27 - Spring Data MongoDB - Could not safely identify store assignment for repository candidate interface com.yoku.colovia.repository.UserRepository; If you want this repository to be a MongoDB repository, consider annotating your entities with one of these annotations: org.springframework.data.mongodb.core.mapping.Document (preferred), or consider extending one of the following types with your repository: org.springframework.data.mongodb.repository.MongoRepository
2025-01-27 12:02:27 - Finished Spring Data repository scanning in 2 ms. Found 0 MongoDB repository interfaces.
2025-01-27 12:02:27 - Multiple Spring Data modules found, entering strict repository configuration mode
2025-01-27 12:02:27 - Bootstrapping Spring Data Redis repositories in DEFAULT mode.
2025-01-27 12:02:27 - Spring Data Redis - Could not safely identify store assignment for repository candidate interface com.yoku.colovia.repository.UserRepository; If you want this repository to be a Redis repository, consider annotating your entities with one of these annotations: org.springframework.data.redis.core.RedisHash (preferred), or consider extending one of the following types with your repository: org.springframework.data.keyvalue.repository.KeyValueRepository
2025-01-27 12:02:27 - Finished Spring Data repository scanning in 1 ms. Found 0 Redis repository interfaces.
2025-01-27 12:02:28 - Tomcat initialized with port 8082 (http)
2025-01-27 12:02:28 - Starting service [Tomcat]
2025-01-27 12:02:28 - Starting Servlet engine: [Apache Tomcat/10.1.34]
2025-01-27 12:02:28 - Initializing Spring embedded WebApplicationContext
2025-01-27 12:02:28 - Root WebApplicationContext: initialization completed in 1190 ms
2025-01-27 12:02:28 - HHH000204: Processing PersistenceUnitInfo [name: default]
2025-01-27 12:02:28 - HHH000412: Hibernate ORM core version 6.6.4.Final
2025-01-27 12:02:28 - HHH000026: Second-level cache disabled
2025-01-27 12:02:28 - No LoadTimeWeaver setup: ignoring JPA class transformer
2025-01-27 12:02:28 - HikariPool-1 - Starting...
2025-01-27 12:02:29 - HikariPool-1 - Added connection org.postgresql.jdbc.PgConnection@7bae6816
2025-01-27 12:02:29 - HikariPool-1 - Start completed.
2025-01-27 12:02:29 - HHH90000025: PostgreSQLDialect does not need to be specified explicitly using 'hibernate.dialect' (remove the property setting and it will be selected by default)
2025-01-27 12:02:29 - HHH10001005: Database info:
	Database JDBC URL [Connecting through datasource 'HikariDataSource (HikariPool-1)']
	Database driver: undefined/unknown
	Database version: 15.6
	Autocommit mode: undefined/unknown
	Isolation level: undefined/unknown
	Minimum pool size: undefined/unknown
	Maximum pool size: undefined/unknown
2025-01-27 12:02:30 - HHH000489: No JTA platform available (set 'hibernate.transaction.jta.platform' to enable JTA platform integration)
2025-01-27 12:02:30 - Initialized JPA EntityManagerFactory for persistence unit 'default'
2025-01-27 12:02:30 - Exception encountered during context initialization - cancelling refresh attempt: org.springframework.beans.factory.UnsatisfiedDependencyException: Error creating bean with name 'userController' defined in file [/Users/jtucker/Github/Yoku/Colovia/build/classes/kotlin/main/com/yoku/colovia/controller/UserController.class]: Unsatisfied dependency expressed through constructor parameter 0: Error creating bean with name 'userService': Lookup method resolution failed
2025-01-27 12:02:30 - Closing JPA EntityManagerFactory for persistence unit 'default'
2025-01-27 12:02:30 - HikariPool-1 - Shutdown initiated...
2025-01-27 12:02:31 - HikariPool-1 - Shutdown completed.
2025-01-27 12:02:31 - Stopping service [Tomcat]
2025-01-27 12:02:31 - 

Error starting ApplicationContext. To display the condition evaluation report re-run your application with 'debug' enabled.
2025-01-27 12:02:31 - Application run failed
org.springframework.beans.factory.UnsatisfiedDependencyException: Error creating bean with name 'userController' defined in file [/Users/jtucker/Github/Yoku/Colovia/build/classes/kotlin/main/com/yoku/colovia/controller/UserController.class]: Unsatisfied dependency expressed through constructor parameter 0: Error creating bean with name 'userService': Lookup method resolution failed
	at org.springframework.beans.factory.support.ConstructorResolver.createArgumentArray(ConstructorResolver.java:804)
	at org.springframework.beans.factory.support.ConstructorResolver.autowireConstructor(ConstructorResolver.java:240)
	at org.springframework.beans.factory.support.AbstractAutowireCapableBeanFactory.autowireConstructor(AbstractAutowireCapableBeanFactory.java:1377)
	at org.springframework.beans.factory.support.AbstractAutowireCapableBeanFactory.createBeanInstance(AbstractAutowireCapableBeanFactory.java:1214)
	at org.springframework.beans.factory.support.AbstractAutowireCapableBeanFactory.doCreateBean(AbstractAutowireCapableBeanFactory.java:563)
	at org.springframework.beans.factory.support.AbstractAutowireCapableBeanFactory.createBean(AbstractAutowireCapableBeanFactory.java:523)
	at org.springframework.beans.factory.support.AbstractBeanFactory.lambda$doGetBean$0(AbstractBeanFactory.java:336)
	at org.springframework.beans.factory.support.DefaultSingletonBeanRegistry.getSingleton(DefaultSingletonBeanRegistry.java:289)
	at org.springframework.beans.factory.support.AbstractBeanFactory.doGetBean(AbstractBeanFactory.java:334)
	at org.springframework.beans.factory.support.AbstractBeanFactory.getBean(AbstractBeanFactory.java:199)
	at org.springframework.beans.factory.support.DefaultListableBeanFactory.instantiateSingleton(DefaultListableBeanFactory.java:1122)
	at org.springframework.beans.factory.support.DefaultListableBeanFactory.preInstantiateSingleton(DefaultListableBeanFactory.java:1093)
	at org.springframework.beans.factory.support.DefaultListableBeanFactory.preInstantiateSingletons(DefaultListableBeanFactory.java:1030)
	at org.springframework.context.support.AbstractApplicationContext.finishBeanFactoryInitialization(AbstractApplicationContext.java:987)
	at org.springframework.context.support.AbstractApplicationContext.refresh(AbstractApplicationContext.java:627)
	at org.springframework.boot.web.servlet.context.ServletWebServerApplicationContext.refresh(ServletWebServerApplicationContext.java:146)
	at org.springframework.boot.SpringApplication.refresh(SpringApplication.java:752)
	at org.springframework.boot.SpringApplication.refreshContext(SpringApplication.java:439)
	at org.springframework.boot.SpringApplication.run(SpringApplication.java:318)
	at org.springframework.boot.SpringApplication.run(SpringApplication.java:1361)
	at org.springframework.boot.SpringApplication.run(SpringApplication.java:1350)
	at com.yoku.colovia.ColoviaApplicationKt.main(ColoviaApplication.kt:16)
	at java.base/jdk.internal.reflect.DirectMethodHandleAccessor.invoke(DirectMethodHandleAccessor.java:103)
	at java.base/java.lang.reflect.Method.invoke(Method.java:580)
	at org.springframework.boot.devtools.restart.RestartLauncher.run(RestartLauncher.java:50)
Caused by: org.springframework.beans.factory.BeanCreationException: Error creating bean with name 'userService': Lookup method resolution failed
	at org.springframework.beans.factory.annotation.AutowiredAnnotationBeanPostProcessor.checkLookupMethods(AutowiredAnnotationBeanPostProcessor.java:498)
	at org.springframework.beans.factory.annotation.AutowiredAnnotationBeanPostProcessor.determineCandidateConstructors(AutowiredAnnotationBeanPostProcessor.java:368)
	at org.springframework.beans.factory.support.AbstractAutowireCapableBeanFactory.determineConstructorsFromBeanPostProcessors(AbstractAutowireCapableBeanFactory.java:1316)
	at org.springframework.beans.factory.support.AbstractAutowireCapableBeanFactory.createBeanInstance(AbstractAutowireCapableBeanFactory.java:1211)
	at org.springframework.beans.factory.support.AbstractAutowireCapableBeanFactory.doCreateBean(AbstractAutowireCapableBeanFactory.java:563)
	at org.springframework.beans.factory.support.AbstractAutowireCapableBeanFactory.createBean(AbstractAutowireCapableBeanFactory.java:523)
	at org.springframework.beans.factory.support.AbstractBeanFactory.lambda$doGetBean$0(AbstractBeanFactory.java:336)
	at org.springframework.beans.factory.support.DefaultSingletonBeanRegistry.getSingleton(DefaultSingletonBeanRegistry.java:289)
	at org.springframework.beans.factory.support.AbstractBeanFactory.doGetBean(AbstractBeanFactory.java:334)
	at org.springframework.beans.factory.support.AbstractBeanFactory.getBean(AbstractBeanFactory.java:199)
	at org.springframework.beans.factory.support.DefaultListableBeanFactory.doResolveDependency(DefaultListableBeanFactory.java:1573)
	at org.springframework.beans.factory.support.DefaultListableBeanFactory.resolveDependency(DefaultListableBeanFactory.java:1519)
	at org.springframework.beans.factory.support.ConstructorResolver.resolveAutowiredArgument(ConstructorResolver.java:913)
	at org.springframework.beans.factory.support.ConstructorResolver.createArgumentArray(ConstructorResolver.java:791)
	... 24 common frames omitted
Caused by: java.lang.IllegalStateException: Failed to introspect Class [com.yoku.colovia.service.UserService] from ClassLoader [org.springframework.boot.devtools.restart.classloader.RestartClassLoader@3c2df938]
	at org.springframework.util.ReflectionUtils.getDeclaredMethods(ReflectionUtils.java:483)
	at org.springframework.util.ReflectionUtils.doWithLocalMethods(ReflectionUtils.java:320)
	at org.springframework.beans.factory.annotation.AutowiredAnnotationBeanPostProcessor.checkLookupMethods(AutowiredAnnotationBeanPostProcessor.java:476)
	... 37 common frames omitted
Caused by: java.lang.NoClassDefFoundError: com/yoku/colovia/exceptions/InvalidArgumentException
	at java.base/java.lang.Class.getDeclaredMethods0(Native Method)
	at java.base/java.lang.Class.privateGetDeclaredMethods(Class.java:3578)
	at java.base/java.lang.Class.getDeclaredMethods(Class.java:2676)
	at org.springframework.util.ReflectionUtils.getDeclaredMethods(ReflectionUtils.java:465)
	... 39 common frames omitted
Caused by: java.lang.ClassNotFoundException: com.yoku.colovia.exceptions.InvalidArgumentException
	at java.base/jdk.internal.loader.BuiltinClassLoader.loadClass(BuiltinClassLoader.java:641)
	at java.base/jdk.internal.loader.ClassLoaders$AppClassLoader.loadClass(ClassLoaders.java:188)
	at java.base/java.lang.ClassLoader.loadClass(ClassLoader.java:526)
	at java.base/java.lang.Class.forName0(Native Method)
	at java.base/java.lang.Class.forName(Class.java:534)
	at java.base/java.lang.Class.forName(Class.java:513)
	at org.springframework.boot.devtools.restart.classloader.RestartClassLoader.loadClass(RestartClassLoader.java:121)
	at java.base/java.lang.ClassLoader.loadClass(ClassLoader.java:526)
	... 43 common frames omitted
2025-01-27 12:03:36 - Starting ColoviaApplicationKt using Java 21.0.3 with PID 1189 (/Users/jtucker/Github/Yoku/Colovia/build/classes/kotlin/main started by jtucker in /Users/jtucker/Github/Yoku/Colovia)
2025-01-27 12:03:36 - Running with Spring Boot v3.4.1, Spring v6.2.1
2025-01-27 12:03:36 - No active profile set, falling back to 1 default profile: "default"
2025-01-27 12:03:36 - Devtools property defaults active! Set 'spring.devtools.add-properties' to 'false' to disable
2025-01-27 12:03:36 - For additional web related logging consider setting the 'logging.level.web' property to 'DEBUG'
2025-01-27 12:03:37 - Multiple Spring Data modules found, entering strict repository configuration mode
2025-01-27 12:03:37 - Bootstrapping Spring Data JPA repositories in DEFAULT mode.
2025-01-27 12:03:37 - Finished Spring Data repository scanning in 72 ms. Found 1 JPA repository interface.
2025-01-27 12:03:37 - Multiple Spring Data modules found, entering strict repository configuration mode
2025-01-27 12:03:37 - Bootstrapping Spring Data MongoDB repositories in DEFAULT mode.
2025-01-27 12:03:37 - Spring Data MongoDB - Could not safely identify store assignment for repository candidate interface com.yoku.colovia.repository.UserRepository; If you want this repository to be a MongoDB repository, consider annotating your entities with one of these annotations: org.springframework.data.mongodb.core.mapping.Document (preferred), or consider extending one of the following types with your repository: org.springframework.data.mongodb.repository.MongoRepository
2025-01-27 12:03:37 - Finished Spring Data repository scanning in 2 ms. Found 0 MongoDB repository interfaces.
2025-01-27 12:03:37 - Multiple Spring Data modules found, entering strict repository configuration mode
2025-01-27 12:03:37 - Bootstrapping Spring Data Redis repositories in DEFAULT mode.
2025-01-27 12:03:37 - Spring Data Redis - Could not safely identify store assignment for repository candidate interface com.yoku.colovia.repository.UserRepository; If you want this repository to be a Redis repository, consider annotating your entities with one of these annotations: org.springframework.data.redis.core.RedisHash (preferred), or consider extending one of the following types with your repository: org.springframework.data.keyvalue.repository.KeyValueRepository
2025-01-27 12:03:37 - Finished Spring Data repository scanning in 1 ms. Found 0 Redis repository interfaces.
2025-01-27 12:03:37 - Tomcat initialized with port 8082 (http)
2025-01-27 12:03:37 - Starting service [Tomcat]
2025-01-27 12:03:37 - Starting Servlet engine: [Apache Tomcat/10.1.34]
2025-01-27 12:03:37 - Initializing Spring embedded WebApplicationContext
2025-01-27 12:03:37 - Root WebApplicationContext: initialization completed in 965 ms
2025-01-27 12:03:37 - HHH000204: Processing PersistenceUnitInfo [name: default]
2025-01-27 12:03:37 - HHH000412: Hibernate ORM core version 6.6.4.Final
2025-01-27 12:03:37 - HHH000026: Second-level cache disabled
2025-01-27 12:03:37 - No LoadTimeWeaver setup: ignoring JPA class transformer
2025-01-27 12:03:37 - HikariPool-1 - Starting...
2025-01-27 12:03:38 - HikariPool-1 - Added connection org.postgresql.jdbc.PgConnection@50160975
2025-01-27 12:03:38 - HikariPool-1 - Start completed.
2025-01-27 12:03:39 - HHH90000025: PostgreSQLDialect does not need to be specified explicitly using 'hibernate.dialect' (remove the property setting and it will be selected by default)
2025-01-27 12:03:39 - HHH10001005: Database info:
	Database JDBC URL [Connecting through datasource 'HikariDataSource (HikariPool-1)']
	Database driver: undefined/unknown
	Database version: 15.6
	Autocommit mode: undefined/unknown
	Isolation level: undefined/unknown
	Minimum pool size: undefined/unknown
	Maximum pool size: undefined/unknown
2025-01-27 12:03:39 - HHH000489: No JTA platform available (set 'hibernate.transaction.jta.platform' to enable JTA platform integration)
2025-01-27 12:03:40 - Initialized JPA EntityManagerFactory for persistence unit 'default'
2025-01-27 12:03:40 - spring.jpa.open-in-view is enabled by default. Therefore, database queries may be performed during view rendering. Explicitly configure spring.jpa.open-in-view to disable this warning
2025-01-27 12:03:40 - MongoClient with metadata {"driver": {"name": "mongo-java-driver|sync|spring-boot", "version": "5.2.1"}, "os": {"type": "Darwin", "name": "Mac OS X", "architecture": "aarch64", "version": "14.6.1"}, "platform": "Java/Oracle Corporation/21.0.3+7-LTS-152"} created with settings MongoClientSettings{readPreference=primary, writeConcern=WriteConcern{w=null, wTimeout=null ms, journal=null}, retryWrites=true, retryReads=true, readConcern=ReadConcern{level=null}, credential=null, transportSettings=null, commandListeners=[], codecRegistry=ProvidersCodecRegistry{codecProviders=[ValueCodecProvider{}, BsonValueCodecProvider{}, DBRefCodecProvider{}, DBObjectCodecProvider{}, DocumentCodecProvider{}, CollectionCodecProvider{}, IterableCodecProvider{}, MapCodecProvider{}, GeoJsonCodecProvider{}, GridFSFileCodecProvider{}, Jsr310CodecProvider{}, JsonObjectCodecProvider{}, BsonCodecProvider{}, EnumCodecProvider{}, com.mongodb.client.model.mql.ExpressionCodecProvider@15d43f1d, com.mongodb.Jep395RecordCodecProvider@5bd40cdc, com.mongodb.KotlinCodecProvider@65391858]}, loggerSettings=LoggerSettings{maxDocumentLength=1000}, clusterSettings={hosts=[localhost:27017], srvServiceName=mongodb, mode=SINGLE, requiredClusterType=UNKNOWN, requiredReplicaSetName='null', serverSelector='null', clusterListeners='[]', serverSelectionTimeout='30000 ms', localThreshold='15 ms'}, socketSettings=SocketSettings{connectTimeoutMS=10000, readTimeoutMS=0, receiveBufferSize=0, proxySettings=ProxySettings{host=null, port=null, username=null, password=null}}, heartbeatSocketSettings=SocketSettings{connectTimeoutMS=10000, readTimeoutMS=10000, receiveBufferSize=0, proxySettings=ProxySettings{host=null, port=null, username=null, password=null}}, connectionPoolSettings=ConnectionPoolSettings{maxSize=100, minSize=0, maxWaitTimeMS=120000, maxConnectionLifeTimeMS=0, maxConnectionIdleTimeMS=0, maintenanceInitialDelayMS=0, maintenanceFrequencyMS=60000, connectionPoolListeners=[], maxConnecting=2}, serverSettings=ServerSettings{heartbeatFrequencyMS=10000, minHeartbeatFrequencyMS=500, serverMonitoringMode=AUTO, serverListeners='[]', serverMonitorListeners='[]'}, sslSettings=SslSettings{enabled=false, invalidHostNameAllowed=false, context=null}, applicationName='null', compressorList=[], uuidRepresentation=JAVA_LEGACY, serverApi=null, autoEncryptionSettings=null, dnsClient=null, inetAddressResolver=null, contextProvider=null, timeoutMS=null}
2025-01-27 12:03:40 - Monitor thread successfully connected to server with description ServerDescription{address=localhost:27017, type=STANDALONE, cryptd=false, state=CONNECTED, ok=true, minWireVersion=0, maxWireVersion=25, maxDocumentSize=16777216, logicalSessionTimeoutMinutes=30, roundTripTimeNanos=37824000, minRoundTripTimeNanos=0}
2025-01-27 12:03:41 - H2 console available at '/h2-console'. Database available at 'jdbc:postgresql://db.svmgctkotwmmtbaypfjl.supabase.co:5432/postgres?user=postgres&password=J@ucker4321!dawad'
2025-01-27 12:03:41 - LiveReload server is running on port 35729
2025-01-27 12:03:41 - Tomcat started on port 8082 (http) with context path '/'
2025-01-27 12:03:41 - Started ColoviaApplicationKt in 4.823 seconds (process running for 5.105)
2025-01-27 12:21:48 - Initializing Spring DispatcherServlet 'dispatcherServlet'
2025-01-27 12:21:48 - Initializing Servlet 'dispatcherServlet'
2025-01-27 12:21:48 - Completed initialization in 3 ms
2025-01-27 12:21:58 - Commencing graceful shutdown. Waiting for active requests to complete
2025-01-27 12:21:59 - Graceful shutdown complete
2025-01-27 12:21:59 - Closing JPA EntityManagerFactory for persistence unit 'default'
2025-01-27 12:21:59 - HikariPool-1 - Shutdown initiated...
2025-01-27 12:22:00 - HikariPool-1 - Shutdown completed.
2025-01-27 12:22:10 - Starting ColoviaApplicationKt using Java 21.0.3 with PID 15973 (/Users/jtucker/Github/Yoku/Colovia/build/classes/kotlin/main started by jtucker in /Users/jtucker/Github/Yoku/Colovia)
2025-01-27 12:22:10 - Running with Spring Boot v3.4.1, Spring v6.2.1
2025-01-27 12:22:10 - No active profile set, falling back to 1 default profile: "default"
2025-01-27 12:22:10 - Devtools property defaults active! Set 'spring.devtools.add-properties' to 'false' to disable
2025-01-27 12:22:10 - For additional web related logging consider setting the 'logging.level.web' property to 'DEBUG'
2025-01-27 12:22:10 - Multiple Spring Data modules found, entering strict repository configuration mode
2025-01-27 12:22:10 - Bootstrapping Spring Data JPA repositories in DEFAULT mode.
2025-01-27 12:22:10 - Finished Spring Data repository scanning in 62 ms. Found 1 JPA repository interface.
2025-01-27 12:22:10 - Multiple Spring Data modules found, entering strict repository configuration mode
2025-01-27 12:22:10 - Bootstrapping Spring Data MongoDB repositories in DEFAULT mode.
2025-01-27 12:22:10 - Spring Data MongoDB - Could not safely identify store assignment for repository candidate interface com.yoku.colovia.repository.UserRepository; If you want this repository to be a MongoDB repository, consider annotating your entities with one of these annotations: org.springframework.data.mongodb.core.mapping.Document (preferred), or consider extending one of the following types with your repository: org.springframework.data.mongodb.repository.MongoRepository
2025-01-27 12:22:10 - Finished Spring Data repository scanning in 2 ms. Found 0 MongoDB repository interfaces.
2025-01-27 12:22:10 - Multiple Spring Data modules found, entering strict repository configuration mode
2025-01-27 12:22:10 - Bootstrapping Spring Data Redis repositories in DEFAULT mode.
2025-01-27 12:22:10 - Spring Data Redis - Could not safely identify store assignment for repository candidate interface com.yoku.colovia.repository.UserRepository; If you want this repository to be a Redis repository, consider annotating your entities with one of these annotations: org.springframework.data.redis.core.RedisHash (preferred), or consider extending one of the following types with your repository: org.springframework.data.keyvalue.repository.KeyValueRepository
2025-01-27 12:22:10 - Finished Spring Data repository scanning in 1 ms. Found 0 Redis repository interfaces.
2025-01-27 12:22:11 - Tomcat initialized with port 8082 (http)
2025-01-27 12:22:11 - Starting service [Tomcat]
2025-01-27 12:22:11 - Starting Servlet engine: [Apache Tomcat/10.1.34]
2025-01-27 12:22:11 - Initializing Spring embedded WebApplicationContext
2025-01-27 12:22:11 - Root WebApplicationContext: initialization completed in 725 ms
2025-01-27 12:22:11 - HHH000204: Processing PersistenceUnitInfo [name: default]
2025-01-27 12:22:11 - HHH000412: Hibernate ORM core version 6.6.4.Final
2025-01-27 12:22:11 - HHH000026: Second-level cache disabled
2025-01-27 12:22:11 - No LoadTimeWeaver setup: ignoring JPA class transformer
2025-01-27 12:22:11 - HikariPool-1 - Starting...
2025-01-27 12:22:12 - HikariPool-1 - Added connection org.postgresql.jdbc.PgConnection@57614d7f
2025-01-27 12:22:12 - HikariPool-1 - Start completed.
2025-01-27 12:22:12 - HHH90000025: PostgreSQLDialect does not need to be specified explicitly using 'hibernate.dialect' (remove the property setting and it will be selected by default)
2025-01-27 12:22:13 - HHH10001005: Database info:
	Database JDBC URL [Connecting through datasource 'HikariDataSource (HikariPool-1)']
	Database driver: undefined/unknown
	Database version: 15.6
	Autocommit mode: undefined/unknown
	Isolation level: undefined/unknown
	Minimum pool size: undefined/unknown
	Maximum pool size: undefined/unknown
2025-01-27 12:22:13 - HHH000489: No JTA platform available (set 'hibernate.transaction.jta.platform' to enable JTA platform integration)
2025-01-27 12:22:14 - Initialized JPA EntityManagerFactory for persistence unit 'default'
2025-01-27 12:22:14 - spring.jpa.open-in-view is enabled by default. Therefore, database queries may be performed during view rendering. Explicitly configure spring.jpa.open-in-view to disable this warning
2025-01-27 12:22:14 - MongoClient with metadata {"driver": {"name": "mongo-java-driver|sync|spring-boot", "version": "5.2.1"}, "os": {"type": "Darwin", "name": "Mac OS X", "architecture": "aarch64", "version": "14.6.1"}, "platform": "Java/Oracle Corporation/21.0.3+7-LTS-152"} created with settings MongoClientSettings{readPreference=primary, writeConcern=WriteConcern{w=null, wTimeout=null ms, journal=null}, retryWrites=true, retryReads=true, readConcern=ReadConcern{level=null}, credential=null, transportSettings=null, commandListeners=[], codecRegistry=ProvidersCodecRegistry{codecProviders=[ValueCodecProvider{}, BsonValueCodecProvider{}, DBRefCodecProvider{}, DBObjectCodecProvider{}, DocumentCodecProvider{}, CollectionCodecProvider{}, IterableCodecProvider{}, MapCodecProvider{}, GeoJsonCodecProvider{}, GridFSFileCodecProvider{}, Jsr310CodecProvider{}, JsonObjectCodecProvider{}, BsonCodecProvider{}, EnumCodecProvider{}, com.mongodb.client.model.mql.ExpressionCodecProvider@61cfce05, com.mongodb.Jep395RecordCodecProvider@22322653, com.mongodb.KotlinCodecProvider@35124428]}, loggerSettings=LoggerSettings{maxDocumentLength=1000}, clusterSettings={hosts=[localhost:27017], srvServiceName=mongodb, mode=SINGLE, requiredClusterType=UNKNOWN, requiredReplicaSetName='null', serverSelector='null', clusterListeners='[]', serverSelectionTimeout='30000 ms', localThreshold='15 ms'}, socketSettings=SocketSettings{connectTimeoutMS=10000, readTimeoutMS=0, receiveBufferSize=0, proxySettings=ProxySettings{host=null, port=null, username=null, password=null}}, heartbeatSocketSettings=SocketSettings{connectTimeoutMS=10000, readTimeoutMS=10000, receiveBufferSize=0, proxySettings=ProxySettings{host=null, port=null, username=null, password=null}}, connectionPoolSettings=ConnectionPoolSettings{maxSize=100, minSize=0, maxWaitTimeMS=120000, maxConnectionLifeTimeMS=0, maxConnectionIdleTimeMS=0, maintenanceInitialDelayMS=0, maintenanceFrequencyMS=60000, connectionPoolListeners=[], maxConnecting=2}, serverSettings=ServerSettings{heartbeatFrequencyMS=10000, minHeartbeatFrequencyMS=500, serverMonitoringMode=AUTO, serverListeners='[]', serverMonitorListeners='[]'}, sslSettings=SslSettings{enabled=false, invalidHostNameAllowed=false, context=null}, applicationName='null', compressorList=[], uuidRepresentation=JAVA_LEGACY, serverApi=null, autoEncryptionSettings=null, dnsClient=null, inetAddressResolver=null, contextProvider=null, timeoutMS=null}
2025-01-27 12:22:14 - Monitor thread successfully connected to server with description ServerDescription{address=localhost:27017, type=STANDALONE, cryptd=false, state=CONNECTED, ok=true, minWireVersion=0, maxWireVersion=25, maxDocumentSize=16777216, logicalSessionTimeoutMinutes=30, roundTripTimeNanos=11678417, minRoundTripTimeNanos=0}
2025-01-27 12:22:14 - H2 console available at '/h2-console'. Database available at 'jdbc:postgresql://db.svmgctkotwmmtbaypfjl.supabase.co:5432/postgres?user=postgres&password=J@ucker4321!dawad'
2025-01-27 12:22:14 - LiveReload server is running on port 35729
2025-01-27 12:22:14 - Tomcat started on port 8082 (http) with context path '/'
2025-01-27 12:22:14 - Started ColoviaApplicationKt in 4.63 seconds (process running for 5.409)
2025-01-27 12:22:16 - Initializing Spring DispatcherServlet 'dispatcherServlet'
2025-01-27 12:22:16 - Initializing Servlet 'dispatcherServlet'
2025-01-27 12:22:16 - Completed initialization in 1 ms
